<?xml version="1.0" encoding="UTF-8"?>
<!-- Generated by org.testng.reporters.JUnitReportReporter -->
<testsuite hostname="TECHNO-531" failures="0" tests="1" name="io.mosip.testrig.adminui.testcase.CenterTest" time="187.404" errors="0" timestamp="2023-09-26T17:19:06 IST" skipped="0">
  <testcase classname="io.mosip.testrig.adminui.testcase.CenterTest" name="centerCRUD" time="187.404"/>
  <system-out>
centerCRUD  </system-out>
</testsuite> <!-- io.mosip.testrig.adminui.testcase.CenterTest -->
