<?xml version="1.0" encoding="UTF-8"?>
<!-- Generated by org.testng.reporters.JUnitReportReporter -->
<testsuite hostname="TECHNO-531" failures="0" tests="1" name="io.mosip.testrig.adminui.testcase.DeviceTypesTest" time="57.538" errors="0" timestamp="2023-10-05T15:42:58 IST" skipped="0">
  <testcase classname="io.mosip.testrig.adminui.testcase.DeviceTypesTest" name="deviceTypesCRUD" time="57.538"/>
  <system-out/>
</testsuite> <!-- io.mosip.testrig.adminui.testcase.DeviceTypesTest -->
