<?xml version="1.0" encoding="UTF-8"?>
<!-- Generated by org.testng.reporters.JUnitReportReporter -->
<testsuite hostname="TECHNO-531" failures="0" tests="1" name="io.mosip.testrig.adminui.testcase.DeviceSpecificationTest" time="63.653" errors="0" timestamp="2023-10-05T15:42:58 IST" skipped="0">
  <testcase classname="io.mosip.testrig.adminui.testcase.DeviceSpecificationTest" name="deviceSpecCRUD" time="63.653"/>
  <system-out/>
</testsuite> <!-- io.mosip.testrig.adminui.testcase.DeviceSpecificationTest -->
