<?xml version="1.0" encoding="UTF-8"?>
<!-- Generated by org.testng.reporters.JUnitReportReporter -->
<testsuite hostname="TECHNO-531" failures="0" tests="1" name="io.mosip.testrig.adminui.testcase.HolidaysTest" time="76.461" errors="0" timestamp="2023-10-09T09:59:40 IST" skipped="0">
  <testcase classname="io.mosip.testrig.adminui.testcase.HolidaysTest" name="holidaysCRUD" time="76.461"/>
  <system-out/>
</testsuite> <!-- io.mosip.testrig.adminui.testcase.HolidaysTest -->
