<?xml version="1.0" encoding="UTF-8"?>
<!-- Generated by org.testng.reporters.JUnitReportReporter -->
<testsuite hostname="TECHNO-531" failures="0" tests="1" name="io.mosip.testrig.adminui.testcase.CenterTypeTest" time="63.633" errors="0" timestamp="2023-12-13T15:52:39 IST" skipped="0">
  <testcase classname="io.mosip.testrig.adminui.testcase.CenterTypeTest" name="centerTypeCRUD" time="63.633"/>
  <system-out/>
</testsuite> <!-- io.mosip.testrig.adminui.testcase.CenterTypeTest -->
