<?xml version="1.0" encoding="UTF-8"?>
<!-- Generated by org.testng.reporters.JUnitReportReporter -->
<testsuite hostname="TECHNO-531" failures="0" tests="1" name="io.mosip.testrig.adminui.testcase.DeviceTest" time="86.618" errors="0" timestamp="2023-09-12T18:02:02 IST" skipped="0">
  <testcase classname="io.mosip.testrig.adminui.testcase.DeviceTest" name="deviceCRUD" time="86.618"/>
  <system-out/>
</testsuite> <!-- io.mosip.testrig.adminui.testcase.DeviceTest -->
